Drill report for Semafor.kicad_pcb
Created on Mon Feb  6 20:23:24 2023

Copper Layer Stackup:
    =============================================================
    L1 :  F.Cu                      front
    L2 :  B.Cu                      back


Drill file 'Semafor.drl' contains
    plated through holes:
    =============================================================
    T1  0.400mm  0.0157"  (59 holes)
    T2  0.600mm  0.0236"  (4 holes)  (with 4 slots)
    T3  0.762mm  0.0300"  (2 holes)  (with 2 slots)
    T4  0.900mm  0.0354"  (10 holes)
    T5  1.000mm  0.0394"  (5 holes)
    T6  1.020mm  0.0402"  (2 holes)

    Total plated holes count 82


Not plated through holes are merged with plated holes
    unplated through holes:
    =============================================================
    T7  0.650mm  0.0256"  (2 holes)

    Total unplated holes count 2
